<?xml version="1.0" encoding="UTF-8"?>
<testng-results skipped="0" failed="0" ignored="0" total="1" passed="1">
  <reporter-output>
  </reporter-output>
  <suite name="Default suite" duration-ms="22883" started-at="2018-09-04T08:01:41Z" finished-at="2018-09-04T08:02:04Z">
    <groups>
    </groups>
    <test name="Default test" duration-ms="22883" started-at="2018-09-04T08:01:41Z" finished-at="2018-09-04T08:02:04Z">
      <class name="Rev.wi_fi">
        <test-method status="PASS" signature="f()[pri:0, instance:Rev.wi_fi@5f282abb]" name="f" duration-ms="22815" started-at="2018-09-04T08:01:41Z" finished-at="2018-09-04T08:02:04Z">
          <reporter-output>
          </reporter-output>
        </test-method> <!-- f -->
      </class> <!-- Rev.wi_fi -->
    </test> <!-- Default test -->
  </suite> <!-- Default suite -->
</testng-results>
